{"C:\\Users\\ludwi\\Documents\\Universitet\\CICD-deployment\\Enhetstester\\strajk-bowling\\src\\App.jsx": {"path":"C:\\Users\\ludwi\\Documents\\Universitet\\CICD-deployment\\Enhetstester\\strajk-bowling\\src\\App.jsx","statementMap":{"0":{"start":{"line":8,"column":2},"end":{"line":11,"column":null}}},"fnMap":{"0":{"name":"App","decl":{"start":{"line":6,"column":9},"end":{"line":6,"column":15}},"loc":{"start":{"line":6,"column":15},"end":{"line":13,"column":null}},"line":6}},"branchMap":{},"s":{"0":7},"f":{"0":7},"b":{},"meta":{"lastBranch":0,"lastFunction":1,"lastStatement":1,"seen":{"f:6:9:6:15":0,"s:8:2:11:Infinity":0}}}
,"C:\\Users\\ludwi\\Documents\\Universitet\\CICD-deployment\\Enhetstester\\strajk-bowling\\src\\App.scss": {"path":"C:\\Users\\ludwi\\Documents\\Universitet\\CICD-deployment\\Enhetstester\\strajk-bowling\\src\\App.scss","statementMap":{},"fnMap":{},"branchMap":{},"s":{},"f":{},"b":{},"meta":{"lastBranch":0,"lastFunction":0,"lastStatement":0,"seen":{}}}
,"C:\\Users\\ludwi\\Documents\\Universitet\\CICD-deployment\\Enhetstester\\strajk-bowling\\src\\router.jsx": {"path":"C:\\Users\\ludwi\\Documents\\Universitet\\CICD-deployment\\Enhetstester\\strajk-bowling\\src\\router.jsx","statementMap":{"0":{"start":{"line":6,"column":6},"end":{"line":15,"column":null}}},"fnMap":{},"branchMap":{},"s":{"0":3},"f":{},"b":{},"meta":{"lastBranch":0,"lastFunction":0,"lastStatement":1,"seen":{"s:6:6:15:Infinity":0}}}
,"C:\\Users\\ludwi\\Documents\\Universitet\\CICD-deployment\\Enhetstester\\strajk-bowling\\src\\assets\\navicon.svg": {"path":"C:\\Users\\ludwi\\Documents\\Universitet\\CICD-deployment\\Enhetstester\\strajk-bowling\\src\\assets\\navicon.svg","statementMap":{},"fnMap":{},"branchMap":{},"s":{},"f":{},"b":{},"meta":{"lastBranch":0,"lastFunction":0,"lastStatement":0,"seen":{}}}
,"C:\\Users\\ludwi\\Documents\\Universitet\\CICD-deployment\\Enhetstester\\strajk-bowling\\src\\assets\\strajk-logo.svg": {"path":"C:\\Users\\ludwi\\Documents\\Universitet\\CICD-deployment\\Enhetstester\\strajk-bowling\\src\\assets\\strajk-logo.svg","statementMap":{},"fnMap":{},"branchMap":{},"s":{},"f":{},"b":{},"meta":{"lastBranch":0,"lastFunction":0,"lastStatement":0,"seen":{}}}
,"C:\\Users\\ludwi\\Documents\\Universitet\\CICD-deployment\\Enhetstester\\strajk-bowling\\src\\components\\BookingInfo\\BookingInfo.jsx": {"path":"C:\\Users\\ludwi\\Documents\\Universitet\\CICD-deployment\\Enhetstester\\strajk-bowling\\src\\components\\BookingInfo\\BookingInfo.jsx","statementMap":{"0":{"start":{"line":6,"column":2},"end":{"line":44,"column":null}}},"fnMap":{"0":{"name":"BookingInfo","decl":{"start":{"line":5,"column":9},"end":{"line":5,"column":21}},"loc":{"start":{"line":5,"column":47},"end":{"line":46,"column":null}},"line":5}},"branchMap":{},"s":{"0":40},"f":{"0":40},"b":{},"meta":{"lastBranch":0,"lastFunction":1,"lastStatement":1,"seen":{"f:5:9:5:21":0,"s:6:2:44:Infinity":0}}}
,"C:\\Users\\ludwi\\Documents\\Universitet\\CICD-deployment\\Enhetstester\\strajk-bowling\\src\\components\\BookingInfo\\BookingInfo.scss": {"path":"C:\\Users\\ludwi\\Documents\\Universitet\\CICD-deployment\\Enhetstester\\strajk-bowling\\src\\components\\BookingInfo\\BookingInfo.scss","statementMap":{},"fnMap":{},"branchMap":{},"s":{},"f":{},"b":{},"meta":{"lastBranch":0,"lastFunction":0,"lastStatement":0,"seen":{}}}
,"C:\\Users\\ludwi\\Documents\\Universitet\\CICD-deployment\\Enhetstester\\strajk-bowling\\src\\components\\ErrorMessage\\ErrorMessage.jsx": {"path":"C:\\Users\\ludwi\\Documents\\Universitet\\CICD-deployment\\Enhetstester\\strajk-bowling\\src\\components\\ErrorMessage\\ErrorMessage.jsx","statementMap":{"0":{"start":{"line":4,"column":2},"end":{"line":7,"column":null}}},"fnMap":{"0":{"name":"ErrorMessage","decl":{"start":{"line":3,"column":9},"end":{"line":3,"column":22}},"loc":{"start":{"line":3,"column":35},"end":{"line":9,"column":null}},"line":3}},"branchMap":{},"s":{"0":3},"f":{"0":3},"b":{},"meta":{"lastBranch":0,"lastFunction":1,"lastStatement":1,"seen":{"f:3:9:3:22":0,"s:4:2:7:Infinity":0}}}
,"C:\\Users\\ludwi\\Documents\\Universitet\\CICD-deployment\\Enhetstester\\strajk-bowling\\src\\components\\ErrorMessage\\ErrorMessage.scss": {"path":"C:\\Users\\ludwi\\Documents\\Universitet\\CICD-deployment\\Enhetstester\\strajk-bowling\\src\\components\\ErrorMessage\\ErrorMessage.scss","statementMap":{},"fnMap":{},"branchMap":{},"s":{},"f":{},"b":{},"meta":{"lastBranch":0,"lastFunction":0,"lastStatement":0,"seen":{}}}
,"C:\\Users\\ludwi\\Documents\\Universitet\\CICD-deployment\\Enhetstester\\strajk-bowling\\src\\components\\Input\\Input.jsx": {"path":"C:\\Users\\ludwi\\Documents\\Universitet\\CICD-deployment\\Enhetstester\\strajk-bowling\\src\\components\\Input\\Input.jsx","statementMap":{"0":{"start":{"line":13,"column":1},"end":{"line":30,"column":null}}},"fnMap":{"0":{"name":"Input","decl":{"start":{"line":3,"column":9},"end":{"line":3,"column":15}},"loc":{"start":{"line":12,"column":3},"end":{"line":32,"column":null}},"line":12}},"branchMap":{"0":{"loc":{"start":{"line":22,"column":31},"end":{"line":22,"column":61}},"type":"cond-expr","locations":[{"start":{"line":22,"column":45},"end":{"line":22,"column":59}},{"start":{"line":22,"column":59},"end":{"line":22,"column":61}}],"line":22},"1":{"loc":{"start":{"line":26,"column":18},"end":{"line":26,"column":null}},"type":"cond-expr","locations":[{"start":{"line":26,"column":33},"end":{"line":26,"column":48}},{"start":{"line":26,"column":48},"end":{"line":26,"column":null}}],"line":26}},"s":{"0":206},"f":{"0":206},"b":{"0":[166,40],"1":[4,202]},"meta":{"lastBranch":2,"lastFunction":1,"lastStatement":1,"seen":{"f:3:9:3:15":0,"s:13:1:30:Infinity":0,"b:22:45:22:59:22:59:22:61":0,"b:26:33:26:48:26:48:26:Infinity":1}}}
,"C:\\Users\\ludwi\\Documents\\Universitet\\CICD-deployment\\Enhetstester\\strajk-bowling\\src\\components\\Input\\Input.scss": {"path":"C:\\Users\\ludwi\\Documents\\Universitet\\CICD-deployment\\Enhetstester\\strajk-bowling\\src\\components\\Input\\Input.scss","statementMap":{},"fnMap":{},"branchMap":{},"s":{},"f":{},"b":{},"meta":{"lastBranch":0,"lastFunction":0,"lastStatement":0,"seen":{}}}
,"C:\\Users\\ludwi\\Documents\\Universitet\\CICD-deployment\\Enhetstester\\strajk-bowling\\src\\components\\Navigation\\Navigation.jsx": {"path":"C:\\Users\\ludwi\\Documents\\Universitet\\CICD-deployment\\Enhetstester\\strajk-bowling\\src\\components\\Navigation\\Navigation.jsx","statementMap":{"0":{"start":{"line":7,"column":10},"end":{"line":7,"column":null}},"1":{"start":{"line":8,"column":32},"end":{"line":8,"column":null}},"2":{"start":{"line":10,"column":4},"end":{"line":18,"column":null}},"3":{"start":{"line":13,"column":30},"end":{"line":13,"column":53}},"4":{"start":{"line":15,"column":30},"end":{"line":15,"column":44}},"5":{"start":{"line":17,"column":30},"end":{"line":17,"column":56}}},"fnMap":{"0":{"name":"Navigation","decl":{"start":{"line":6,"column":9},"end":{"line":6,"column":22}},"loc":{"start":{"line":6,"column":22},"end":{"line":20,"column":null}},"line":6},"1":{"name":"(anonymous_1)","decl":{"start":{"line":13,"column":22},"end":{"line":13,"column":28}},"loc":{"start":{"line":13,"column":28},"end":{"line":13,"column":56}},"line":13},"2":{"name":"(anonymous_2)","decl":{"start":{"line":15,"column":22},"end":{"line":15,"column":28}},"loc":{"start":{"line":15,"column":28},"end":{"line":15,"column":47}},"line":15},"3":{"name":"(anonymous_3)","decl":{"start":{"line":17,"column":22},"end":{"line":17,"column":28}},"loc":{"start":{"line":17,"column":28},"end":{"line":17,"column":59}},"line":17}},"branchMap":{"0":{"loc":{"start":{"line":11,"column":40},"end":{"line":11,"column":68}},"type":"cond-expr","locations":[{"start":{"line":11,"column":51},"end":{"line":11,"column":65}},{"start":{"line":11,"column":65},"end":{"line":11,"column":68}}],"line":11},"1":{"loc":{"start":{"line":14,"column":57},"end":{"line":14,"column":80}},"type":"cond-expr","locations":[{"start":{"line":14,"column":68},"end":{"line":14,"column":73}},{"start":{"line":14,"column":73},"end":{"line":14,"column":80}}],"line":14},"2":{"loc":{"start":{"line":16,"column":57},"end":{"line":16,"column":80}},"type":"cond-expr","locations":[{"start":{"line":16,"column":68},"end":{"line":16,"column":73}},{"start":{"line":16,"column":73},"end":{"line":16,"column":80}}],"line":16}},"s":{"0":45,"1":45,"2":45,"3":2,"4":1,"5":2},"f":{"0":45,"1":2,"2":1,"3":2},"b":{"0":[2,43],"1":[2,43],"2":[2,43]},"meta":{"lastBranch":3,"lastFunction":4,"lastStatement":6,"seen":{"f:6:9:6:22":0,"s:7:10:7:Infinity":0,"s:8:32:8:Infinity":1,"s:10:4:18:Infinity":2,"b:11:51:11:65:11:65:11:68":0,"f:13:22:13:28":1,"s:13:30:13:53":3,"b:14:68:14:73:14:73:14:80":1,"f:15:22:15:28":2,"s:15:30:15:44":4,"b:16:68:16:73:16:73:16:80":2,"f:17:22:17:28":3,"s:17:30:17:56":5}}}
,"C:\\Users\\ludwi\\Documents\\Universitet\\CICD-deployment\\Enhetstester\\strajk-bowling\\src\\components\\Navigation\\Navigation.scss": {"path":"C:\\Users\\ludwi\\Documents\\Universitet\\CICD-deployment\\Enhetstester\\strajk-bowling\\src\\components\\Navigation\\Navigation.scss","statementMap":{},"fnMap":{},"branchMap":{},"s":{},"f":{},"b":{},"meta":{"lastBranch":0,"lastFunction":0,"lastStatement":0,"seen":{}}}
,"C:\\Users\\ludwi\\Documents\\Universitet\\CICD-deployment\\Enhetstester\\strajk-bowling\\src\\components\\Shoes\\Shoes.jsx": {"path":"C:\\Users\\ludwi\\Documents\\Universitet\\CICD-deployment\\Enhetstester\\strajk-bowling\\src\\components\\Shoes\\Shoes.jsx","statementMap":{"0":{"start":{"line":7,"column":20},"end":{"line":31,"column":null}},"1":{"start":{"line":8,"column":18},"end":{"line":8,"column":null}},"2":{"start":{"line":10,"column":6},"end":{"line":27,"column":null}},"3":{"start":{"line":22,"column":12},"end":{"line":22,"column":null}},"4":{"start":{"line":30,"column":4},"end":{"line":30,"column":null}},"5":{"start":{"line":33,"column":2},"end":{"line":47,"column":null}},"6":{"start":{"line":42,"column":10},"end":{"line":42,"column":null}}},"fnMap":{"0":{"name":"Shoes","decl":{"start":{"line":6,"column":9},"end":{"line":6,"column":15}},"loc":{"start":{"line":6,"column":59},"end":{"line":49,"column":null}},"line":6},"1":{"name":"(anonymous_1)","decl":{"start":{"line":7,"column":30},"end":{"line":7,"column":31}},"loc":{"start":{"line":7,"column":48},"end":{"line":31,"column":3}},"line":7},"2":{"name":"(anonymous_2)","decl":{"start":{"line":21,"column":19},"end":{"line":21,"column":25}},"loc":{"start":{"line":21,"column":25},"end":{"line":23,"column":null}},"line":21},"3":{"name":"(anonymous_3)","decl":{"start":{"line":41,"column":17},"end":{"line":41,"column":23}},"loc":{"start":{"line":41,"column":23},"end":{"line":43,"column":null}},"line":41}},"branchMap":{},"s":{"0":40,"1":42,"2":42,"3":1,"4":42,"5":40,"6":8},"f":{"0":40,"1":42,"2":1,"3":8},"b":{},"meta":{"lastBranch":0,"lastFunction":4,"lastStatement":7,"seen":{"f:6:9:6:15":0,"s:7:20:31:Infinity":0,"f:7:30:7:31":1,"s:8:18:8:Infinity":1,"s:10:6:27:Infinity":2,"f:21:19:21:25":2,"s:22:12:22:Infinity":3,"s:30:4:30:Infinity":4,"s:33:2:47:Infinity":5,"f:41:17:41:23":3,"s:42:10:42:Infinity":6}}}
,"C:\\Users\\ludwi\\Documents\\Universitet\\CICD-deployment\\Enhetstester\\strajk-bowling\\src\\components\\Shoes\\Shoes.scss": {"path":"C:\\Users\\ludwi\\Documents\\Universitet\\CICD-deployment\\Enhetstester\\strajk-bowling\\src\\components\\Shoes\\Shoes.scss","statementMap":{},"fnMap":{},"branchMap":{},"s":{},"f":{},"b":{},"meta":{"lastBranch":0,"lastFunction":0,"lastStatement":0,"seen":{}}}
,"C:\\Users\\ludwi\\Documents\\Universitet\\CICD-deployment\\Enhetstester\\strajk-bowling\\src\\components\\Top\\Top.jsx": {"path":"C:\\Users\\ludwi\\Documents\\Universitet\\CICD-deployment\\Enhetstester\\strajk-bowling\\src\\components\\Top\\Top.jsx","statementMap":{"0":{"start":{"line":5,"column":4},"end":{"line":9,"column":null}}},"fnMap":{"0":{"name":"Top","decl":{"start":{"line":4,"column":9},"end":{"line":4,"column":13}},"loc":{"start":{"line":4,"column":24},"end":{"line":11,"column":null}},"line":4}},"branchMap":{},"s":{"0":43},"f":{"0":43},"b":{},"meta":{"lastBranch":0,"lastFunction":1,"lastStatement":1,"seen":{"f:4:9:4:13":0,"s:5:4:9:Infinity":0}}}
,"C:\\Users\\ludwi\\Documents\\Universitet\\CICD-deployment\\Enhetstester\\strajk-bowling\\src\\components\\Top\\Top.scss": {"path":"C:\\Users\\ludwi\\Documents\\Universitet\\CICD-deployment\\Enhetstester\\strajk-bowling\\src\\components\\Top\\Top.scss","statementMap":{},"fnMap":{},"branchMap":{},"s":{},"f":{},"b":{},"meta":{"lastBranch":0,"lastFunction":0,"lastStatement":0,"seen":{}}}
,"C:\\Users\\ludwi\\Documents\\Universitet\\CICD-deployment\\Enhetstester\\strajk-bowling\\src\\mocks\\handlers.js": {"path":"C:\\Users\\ludwi\\Documents\\Universitet\\CICD-deployment\\Enhetstester\\strajk-bowling\\src\\mocks\\handlers.js","statementMap":{"0":{"start":{"line":3,"column":24},"end":{"line":24,"column":1}},"1":{"start":{"line":7,"column":16},"end":{"line":7,"column":36}},"2":{"start":{"line":9,"column":17},"end":{"line":9,"column":73}},"3":{"start":{"line":11,"column":26},"end":{"line":19,"column":4}},"4":{"start":{"line":21,"column":3},"end":{"line":21,"column":48}}},"fnMap":{"0":{"name":"(anonymous_0)","decl":{"start":{"line":6,"column":2},"end":{"line":6,"column":7}},"loc":{"start":{"line":6,"column":25},"end":{"line":22,"column":3}},"line":6}},"branchMap":{},"s":{"0":3,"1":1,"2":1,"3":1,"4":1},"f":{"0":1},"b":{},"meta":{"lastBranch":0,"lastFunction":1,"lastStatement":5,"seen":{"s:3:24:24:1":0,"f:6:2:6:7":0,"s:7:16:7:36":1,"s:9:17:9:73":2,"s:11:26:19:4":3,"s:21:3:21:48":4}}}
,"C:\\Users\\ludwi\\Documents\\Universitet\\CICD-deployment\\Enhetstester\\strajk-bowling\\src\\mocks\\server.js": {"path":"C:\\Users\\ludwi\\Documents\\Universitet\\CICD-deployment\\Enhetstester\\strajk-bowling\\src\\mocks\\server.js","statementMap":{"0":{"start":{"line":4,"column":21},"end":{"line":4,"column":46}}},"fnMap":{},"branchMap":{},"s":{"0":3},"f":{},"b":{},"meta":{"lastBranch":0,"lastFunction":0,"lastStatement":1,"seen":{"s:4:21:4:46":0}}}
,"C:\\Users\\ludwi\\Documents\\Universitet\\CICD-deployment\\Enhetstester\\strajk-bowling\\src\\views\\Booking.jsx": {"path":"C:\\Users\\ludwi\\Documents\\Universitet\\CICD-deployment\\Enhetstester\\strajk-bowling\\src\\views\\Booking.jsx","statementMap":{"0":{"start":{"line":12,"column":27},"end":{"line":17,"column":null}},"1":{"start":{"line":18,"column":23},"end":{"line":18,"column":null}},"2":{"start":{"line":19,"column":23},"end":{"line":19,"column":null}},"3":{"start":{"line":20,"column":7},"end":{"line":20,"column":null}},"4":{"start":{"line":23,"column":26},"end":{"line":23,"column":null}},"5":{"start":{"line":24,"column":2},"end":{"line":24,"column":null}},"6":{"start":{"line":26,"column":2},"end":{"line":29,"column":null}},"7":{"start":{"line":26,"column":29},"end":{"line":29,"column":4}},"8":{"start":{"line":33,"column":26},"end":{"line":33,"column":null}},"9":{"start":{"line":34,"column":2},"end":{"line":34,"column":null}},"10":{"start":{"line":36,"column":2},"end":{"line":40,"column":null}},"11":{"start":{"line":37,"column":3},"end":{"line":39,"column":null}},"12":{"start":{"line":38,"column":4},"end":{"line":38,"column":null}},"13":{"start":{"line":38,"column":29},"end":{"line":38,"column":80}},"14":{"start":{"line":44,"column":2},"end":{"line":44,"column":null}},"15":{"start":{"line":46,"column":2},"end":{"line":46,"column":null}},"16":{"start":{"line":50,"column":2},"end":{"line":50,"column":null}},"17":{"start":{"line":52,"column":2},"end":{"line":52,"column":null}},"18":{"start":{"line":52,"column":34},"end":{"line":52,"column":50}},"19":{"start":{"line":56,"column":15},"end":{"line":56,"column":null}},"20":{"start":{"line":58,"column":2},"end":{"line":58,"column":null}},"21":{"start":{"line":58,"column":23},"end":{"line":58,"column":72}},"22":{"start":{"line":60,"column":2},"end":{"line":60,"column":null}},"23":{"start":{"line":64,"column":31},"end":{"line":64,"column":null}},"24":{"start":{"line":65,"column":27},"end":{"line":65,"column":null}},"25":{"start":{"line":67,"column":2},"end":{"line":67,"column":null}},"26":{"start":{"line":67,"column":42},"end":{"line":67,"column":null}},"27":{"start":{"line":69,"column":2},"end":{"line":69,"column":null}},"28":{"start":{"line":73,"column":19},"end":{"line":82,"column":null}},"29":{"start":{"line":83,"column":15},"end":{"line":83,"column":null}},"30":{"start":{"line":85,"column":2},"end":{"line":85,"column":null}},"31":{"start":{"line":89,"column":2},"end":{"line":89,"column":null}},"32":{"start":{"line":93,"column":2},"end":{"line":97,"column":null}},"33":{"start":{"line":94,"column":3},"end":{"line":94,"column":null}},"34":{"start":{"line":96,"column":3},"end":{"line":96,"column":null}},"35":{"start":{"line":101,"column":21},"end":{"line":101,"column":null}},"36":{"start":{"line":103,"column":2},"end":{"line":111,"column":null}},"37":{"start":{"line":104,"column":3},"end":{"line":104,"column":null}},"38":{"start":{"line":105,"column":2},"end":{"line":111,"column":null}},"39":{"start":{"line":106,"column":3},"end":{"line":106,"column":null}},"40":{"start":{"line":107,"column":2},"end":{"line":111,"column":null}},"41":{"start":{"line":108,"column":3},"end":{"line":108,"column":null}},"42":{"start":{"line":109,"column":2},"end":{"line":111,"column":null}},"43":{"start":{"line":110,"column":3},"end":{"line":110,"column":null}},"44":{"start":{"line":113,"column":2},"end":{"line":116,"column":null}},"45":{"start":{"line":114,"column":3},"end":{"line":114,"column":null}},"46":{"start":{"line":115,"column":3},"end":{"line":115,"column":null}},"47":{"start":{"line":118,"column":22},"end":{"line":123,"column":null}},"48":{"start":{"line":122,"column":30},"end":{"line":122,"column":39}},"49":{"start":{"line":125,"column":23},"end":{"line":125,"column":null}},"50":{"start":{"line":126,"column":2},"end":{"line":126,"column":null}},"51":{"start":{"line":128,"column":2},"end":{"line":130,"column":null}},"52":{"start":{"line":133,"column":1},"end":{"line":150,"column":null}}},"fnMap":{"0":{"name":"Booking","decl":{"start":{"line":11,"column":9},"end":{"line":11,"column":19}},"loc":{"start":{"line":11,"column":19},"end":{"line":152,"column":null}},"line":11},"1":{"name":"updateBookingDetails","decl":{"start":{"line":22,"column":10},"end":{"line":22,"column":31}},"loc":{"start":{"line":22,"column":38},"end":{"line":30,"column":null}},"line":22},"2":{"name":"(anonymous_2)","decl":{"start":{"line":26,"column":13},"end":{"line":26,"column":14}},"loc":{"start":{"line":26,"column":29},"end":{"line":29,"column":4}},"line":26},"3":{"name":"updateSize","decl":{"start":{"line":32,"column":10},"end":{"line":32,"column":21}},"loc":{"start":{"line":32,"column":28},"end":{"line":41,"column":null}},"line":32},"4":{"name":"(anonymous_4)","decl":{"start":{"line":37,"column":12},"end":{"line":37,"column":13}},"loc":{"start":{"line":38,"column":4},"end":{"line":38,"column":null}},"line":38},"5":{"name":"(anonymous_5)","decl":{"start":{"line":38,"column":18},"end":{"line":38,"column":19}},"loc":{"start":{"line":38,"column":29},"end":{"line":38,"column":80}},"line":38},"6":{"name":"addShoe","decl":{"start":{"line":43,"column":10},"end":{"line":43,"column":18}},"loc":{"start":{"line":43,"column":24},"end":{"line":47,"column":null}},"line":43},"7":{"name":"removeShoe","decl":{"start":{"line":49,"column":10},"end":{"line":49,"column":21}},"loc":{"start":{"line":49,"column":27},"end":{"line":53,"column":null}},"line":49},"8":{"name":"(anonymous_8)","decl":{"start":{"line":52,"column":24},"end":{"line":52,"column":25}},"loc":{"start":{"line":52,"column":34},"end":{"line":52,"column":50}},"line":52},"9":{"name":"isShoeSizesFilled","decl":{"start":{"line":55,"column":10},"end":{"line":55,"column":30}},"loc":{"start":{"line":55,"column":30},"end":{"line":61,"column":null}},"line":55},"10":{"name":"(anonymous_10)","decl":{"start":{"line":58,"column":12},"end":{"line":58,"column":13}},"loc":{"start":{"line":58,"column":23},"end":{"line":58,"column":72}},"line":58},"11":{"name":"checkPlayersAndLanes","decl":{"start":{"line":63,"column":10},"end":{"line":63,"column":33}},"loc":{"start":{"line":63,"column":33},"end":{"line":70,"column":null}},"line":63},"12":{"name":"sendBooking","decl":{"start":{"line":72,"column":16},"end":{"line":72,"column":28}},"loc":{"start":{"line":72,"column":41},"end":{"line":86,"column":null}},"line":72},"13":{"name":"comparePeopleAndShoes","decl":{"start":{"line":88,"column":10},"end":{"line":88,"column":34}},"loc":{"start":{"line":88,"column":34},"end":{"line":90,"column":null}},"line":88},"14":{"name":"saveConfirmation","decl":{"start":{"line":92,"column":10},"end":{"line":92,"column":27}},"loc":{"start":{"line":92,"column":41},"end":{"line":98,"column":null}},"line":92},"15":{"name":"(anonymous_15)","decl":{"start":{"line":93,"column":21},"end":{"line":93,"column":22}},"loc":{"start":{"line":93,"column":34},"end":{"line":97,"column":3}},"line":93},"16":{"name":"book","decl":{"start":{"line":100,"column":16},"end":{"line":100,"column":23}},"loc":{"start":{"line":100,"column":23},"end":{"line":131,"column":null}},"line":100},"17":{"name":"(anonymous_17)","decl":{"start":{"line":122,"column":20},"end":{"line":122,"column":21}},"loc":{"start":{"line":122,"column":30},"end":{"line":122,"column":39}},"line":122}},"branchMap":{"0":{"loc":{"start":{"line":36,"column":2},"end":{"line":40,"column":null}},"type":"if","locations":[{"start":{"line":36,"column":2},"end":{"line":40,"column":null}},{"start":{},"end":{}}],"line":36},"1":{"loc":{"start":{"line":36,"column":6},"end":{"line":36,"column":48}},"type":"binary-expr","locations":[{"start":{"line":36,"column":6},"end":{"line":36,"column":28}},{"start":{"line":36,"column":28},"end":{"line":36,"column":48}}],"line":36},"2":{"loc":{"start":{"line":38,"column":29},"end":{"line":38,"column":80}},"type":"cond-expr","locations":[{"start":{"line":38,"column":48},"end":{"line":38,"column":75}},{"start":{"line":38,"column":75},"end":{"line":38,"column":80}}],"line":38},"3":{"loc":{"start":{"line":58,"column":23},"end":{"line":58,"column":72}},"type":"cond-expr","locations":[{"start":{"line":58,"column":46},"end":{"line":58,"column":56}},{"start":{"line":58,"column":56},"end":{"line":58,"column":72}}],"line":58},"4":{"loc":{"start":{"line":67,"column":2},"end":{"line":67,"column":null}},"type":"if","locations":[{"start":{"line":67,"column":2},"end":{"line":67,"column":null}},{"start":{},"end":{}}],"line":67},"5":{"loc":{"start":{"line":103,"column":2},"end":{"line":111,"column":null}},"type":"if","locations":[{"start":{"line":103,"column":2},"end":{"line":111,"column":null}},{"start":{"line":105,"column":2},"end":{"line":111,"column":null}}],"line":103},"6":{"loc":{"start":{"line":103,"column":6},"end":{"line":103,"column":81}},"type":"binary-expr","locations":[{"start":{"line":103,"column":6},"end":{"line":103,"column":23}},{"start":{"line":103,"column":23},"end":{"line":103,"column":40}},{"start":{"line":103,"column":40},"end":{"line":103,"column":61}},{"start":{"line":103,"column":61},"end":{"line":103,"column":81}}],"line":103},"7":{"loc":{"start":{"line":105,"column":2},"end":{"line":111,"column":null}},"type":"if","locations":[{"start":{"line":105,"column":2},"end":{"line":111,"column":null}},{"start":{"line":107,"column":2},"end":{"line":111,"column":null}}],"line":105},"8":{"loc":{"start":{"line":107,"column":2},"end":{"line":111,"column":null}},"type":"if","locations":[{"start":{"line":107,"column":2},"end":{"line":111,"column":null}},{"start":{"line":109,"column":2},"end":{"line":111,"column":null}}],"line":107},"9":{"loc":{"start":{"line":109,"column":2},"end":{"line":111,"column":null}},"type":"if","locations":[{"start":{"line":109,"column":2},"end":{"line":111,"column":null}},{"start":{},"end":{}}],"line":109},"10":{"loc":{"start":{"line":113,"column":2},"end":{"line":116,"column":null}},"type":"if","locations":[{"start":{"line":113,"column":2},"end":{"line":116,"column":null}},{"start":{},"end":{}}],"line":113},"11":{"loc":{"start":{"line":149,"column":4},"end":{"line":149,"column":null}},"type":"cond-expr","locations":[{"start":{"line":149,"column":12},"end":{"line":149,"column":47}},{"start":{"line":149,"column":47},"end":{"line":149,"column":null}}],"line":149}},"s":{"0":40,"1":40,"2":40,"3":40,"4":12,"5":12,"6":12,"7":12,"8":8,"9":8,"10":8,"11":8,"12":8,"13":18,"14":8,"15":8,"16":1,"17":1,"18":1,"19":2,"20":2,"21":6,"22":2,"23":2,"24":2,"25":2,"26":1,"27":1,"28":1,"29":1,"30":1,"31":3,"32":1,"33":1,"34":1,"35":4,"36":4,"37":1,"38":3,"39":1,"40":2,"41":0,"42":2,"43":1,"44":4,"45":3,"46":3,"47":1,"48":1,"49":1,"50":1,"51":1,"52":40},"f":{"0":40,"1":12,"2":12,"3":8,"4":8,"5":18,"6":8,"7":1,"8":1,"9":2,"10":6,"11":2,"12":1,"13":3,"14":1,"15":1,"16":4,"17":1},"b":{"0":[8,0],"1":[8,0],"2":[8,10],"3":[6,0],"4":[1,1],"5":[1,3],"6":[4,3,3,3],"7":[1,2],"8":[0,2],"9":[1,1],"10":[3,1],"11":[3,37]},"meta":{"lastBranch":12,"lastFunction":18,"lastStatement":53,"seen":{"f:11:9:11:19":0,"s:12:27:17:Infinity":0,"s:18:23:18:Infinity":1,"s:19:23:19:Infinity":2,"s:20:7:20:Infinity":3,"f:22:10:22:31":1,"s:23:26:23:Infinity":4,"s:24:2:24:Infinity":5,"s:26:2:29:Infinity":6,"f:26:13:26:14":2,"s:26:29:29:4":7,"f:32:10:32:21":3,"s:33:26:33:Infinity":8,"s:34:2:34:Infinity":9,"b:36:2:40:Infinity:undefined:undefined:undefined:undefined":0,"s:36:2:40:Infinity":10,"b:36:6:36:28:36:28:36:48":1,"s:37:3:39:Infinity":11,"f:37:12:37:13":4,"s:38:4:38:Infinity":12,"f:38:18:38:19":5,"s:38:29:38:80":13,"b:38:48:38:75:38:75:38:80":2,"f:43:10:43:18":6,"s:44:2:44:Infinity":14,"s:46:2:46:Infinity":15,"f:49:10:49:21":7,"s:50:2:50:Infinity":16,"s:52:2:52:Infinity":17,"f:52:24:52:25":8,"s:52:34:52:50":18,"f:55:10:55:30":9,"s:56:15:56:Infinity":19,"s:58:2:58:Infinity":20,"f:58:12:58:13":10,"s:58:23:58:72":21,"b:58:46:58:56:58:56:58:72":3,"s:60:2:60:Infinity":22,"f:63:10:63:33":11,"s:64:31:64:Infinity":23,"s:65:27:65:Infinity":24,"b:67:2:67:Infinity:undefined:undefined:undefined:undefined":4,"s:67:2:67:Infinity":25,"s:67:42:67:Infinity":26,"s:69:2:69:Infinity":27,"f:72:16:72:28":12,"s:73:19:82:Infinity":28,"s:83:15:83:Infinity":29,"s:85:2:85:Infinity":30,"f:88:10:88:34":13,"s:89:2:89:Infinity":31,"f:92:10:92:27":14,"s:93:2:97:Infinity":32,"f:93:21:93:22":15,"s:94:3:94:Infinity":33,"s:96:3:96:Infinity":34,"f:100:16:100:23":16,"s:101:21:101:Infinity":35,"b:103:2:111:Infinity:105:2:111:Infinity":5,"s:103:2:111:Infinity":36,"b:103:6:103:23:103:23:103:40:103:40:103:61:103:61:103:81":6,"s:104:3:104:Infinity":37,"b:105:2:111:Infinity:107:2:111:Infinity":7,"s:105:2:111:Infinity":38,"s:106:3:106:Infinity":39,"b:107:2:111:Infinity:109:2:111:Infinity":8,"s:107:2:111:Infinity":40,"s:108:3:108:Infinity":41,"b:109:2:111:Infinity:undefined:undefined:undefined:undefined":9,"s:109:2:111:Infinity":42,"s:110:3:110:Infinity":43,"b:113:2:116:Infinity:undefined:undefined:undefined:undefined":10,"s:113:2:116:Infinity":44,"s:114:3:114:Infinity":45,"s:115:3:115:Infinity":46,"s:118:22:123:Infinity":47,"f:122:20:122:21":17,"s:122:30:122:39":48,"s:125:23:125:Infinity":49,"s:126:2:126:Infinity":50,"s:128:2:130:Infinity":51,"s:133:1:150:Infinity":52,"b:149:12:149:47:149:47:149:Infinity":11}}}
,"C:\\Users\\ludwi\\Documents\\Universitet\\CICD-deployment\\Enhetstester\\strajk-bowling\\src\\views\\Booking.scss": {"path":"C:\\Users\\ludwi\\Documents\\Universitet\\CICD-deployment\\Enhetstester\\strajk-bowling\\src\\views\\Booking.scss","statementMap":{},"fnMap":{},"branchMap":{},"s":{},"f":{},"b":{},"meta":{"lastBranch":0,"lastFunction":0,"lastStatement":0,"seen":{}}}
,"C:\\Users\\ludwi\\Documents\\Universitet\\CICD-deployment\\Enhetstester\\strajk-bowling\\src\\views\\Confirmation.jsx": {"path":"C:\\Users\\ludwi\\Documents\\Universitet\\CICD-deployment\\Enhetstester\\strajk-bowling\\src\\views\\Confirmation.jsx","statementMap":{"0":{"start":{"line":9,"column":15},"end":{"line":9,"column":null}},"1":{"start":{"line":12,"column":2},"end":{"line":12,"column":null}},"2":{"start":{"line":14,"column":1},"end":{"line":61,"column":null}}},"fnMap":{"0":{"name":"Confirmation","decl":{"start":{"line":8,"column":9},"end":{"line":8,"column":24}},"loc":{"start":{"line":8,"column":24},"end":{"line":63,"column":null}},"line":8}},"branchMap":{"0":{"loc":{"start":{"line":12,"column":2},"end":{"line":12,"column":null}},"type":"binary-expr","locations":[{"start":{"line":12,"column":2},"end":{"line":12,"column":32}},{"start":{"line":12,"column":32},"end":{"line":12,"column":null}}],"line":12},"1":{"loc":{"start":{"line":18,"column":4},"end":{"line":59,"column":null}},"type":"cond-expr","locations":[{"start":{"line":19,"column":4},"end":{"line":57,"column":null}},{"start":{"line":59,"column":4},"end":{"line":59,"column":null}}],"line":18},"2":{"loc":{"start":{"line":18,"column":4},"end":{"line":18,"column":null}},"type":"binary-expr","locations":[{"start":{"line":18,"column":4},"end":{"line":18,"column":13}},{"start":{"line":18,"column":13},"end":{"line":18,"column":null}}],"line":18}},"s":{"0":3,"1":3,"2":3},"f":{"0":3},"b":{"0":[3,2],"1":[1,2],"2":[3,2]},"meta":{"lastBranch":3,"lastFunction":1,"lastStatement":3,"seen":{"f:8:9:8:24":0,"s:9:15:9:Infinity":0,"s:12:2:12:Infinity":1,"b:12:2:12:32:12:32:12:Infinity":0,"s:14:1:61:Infinity":2,"b:19:4:57:Infinity:59:4:59:Infinity":1,"b:18:4:18:13:18:13:18:Infinity":2}}}
,"C:\\Users\\ludwi\\Documents\\Universitet\\CICD-deployment\\Enhetstester\\strajk-bowling\\src\\views\\Confirmation.scss": {"path":"C:\\Users\\ludwi\\Documents\\Universitet\\CICD-deployment\\Enhetstester\\strajk-bowling\\src\\views\\Confirmation.scss","statementMap":{},"fnMap":{},"branchMap":{},"s":{},"f":{},"b":{},"meta":{"lastBranch":0,"lastFunction":0,"lastStatement":0,"seen":{}}}
}
