<?xml version="1.0" encoding="UTF-8"?>
<coverage generated="1765276389242" clover="3.2.0">
  <project timestamp="1765276389242" name="All files">
    <metrics statements="76" coveredstatements="75" conditionals="42" coveredconditionals="38" methods="33" coveredmethods="33" elements="151" coveredelements="146" complexity="0" loc="76" ncloc="76" packages="10" files="23" classes="23"/>
    <package name="src">
      <metrics statements="2" coveredstatements="2" conditionals="0" coveredconditionals="0" methods="1" coveredmethods="1"/>
      <file name="App.jsx" path="C:\Users\ludwi\Documents\Universitet\CICD-deployment\Enhetstester\strajk-bowling\src\App.jsx">
        <metrics statements="1" coveredstatements="1" conditionals="0" coveredconditionals="0" methods="1" coveredmethods="1"/>
        <line num="8" count="7" type="stmt"/>
      </file>
      <file name="App.scss" path="C:\Users\ludwi\Documents\Universitet\CICD-deployment\Enhetstester\strajk-bowling\src\App.scss">
        <metrics statements="0" coveredstatements="0" conditionals="0" coveredconditionals="0" methods="0" coveredmethods="0"/>
      </file>
      <file name="router.jsx" path="C:\Users\ludwi\Documents\Universitet\CICD-deployment\Enhetstester\strajk-bowling\src\router.jsx">
        <metrics statements="1" coveredstatements="1" conditionals="0" coveredconditionals="0" methods="0" coveredmethods="0"/>
        <line num="6" count="3" type="stmt"/>
      </file>
    </package>
    <package name="src.assets">
      <metrics statements="0" coveredstatements="0" conditionals="0" coveredconditionals="0" methods="0" coveredmethods="0"/>
      <file name="navicon.svg" path="C:\Users\ludwi\Documents\Universitet\CICD-deployment\Enhetstester\strajk-bowling\src\assets\navicon.svg">
        <metrics statements="0" coveredstatements="0" conditionals="0" coveredconditionals="0" methods="0" coveredmethods="0"/>
      </file>
      <file name="strajk-logo.svg" path="C:\Users\ludwi\Documents\Universitet\CICD-deployment\Enhetstester\strajk-bowling\src\assets\strajk-logo.svg">
        <metrics statements="0" coveredstatements="0" conditionals="0" coveredconditionals="0" methods="0" coveredmethods="0"/>
      </file>
    </package>
    <package name="src.components.BookingInfo">
      <metrics statements="1" coveredstatements="1" conditionals="0" coveredconditionals="0" methods="1" coveredmethods="1"/>
      <file name="BookingInfo.jsx" path="C:\Users\ludwi\Documents\Universitet\CICD-deployment\Enhetstester\strajk-bowling\src\components\BookingInfo\BookingInfo.jsx">
        <metrics statements="1" coveredstatements="1" conditionals="0" coveredconditionals="0" methods="1" coveredmethods="1"/>
        <line num="6" count="40" type="stmt"/>
      </file>
      <file name="BookingInfo.scss" path="C:\Users\ludwi\Documents\Universitet\CICD-deployment\Enhetstester\strajk-bowling\src\components\BookingInfo\BookingInfo.scss">
        <metrics statements="0" coveredstatements="0" conditionals="0" coveredconditionals="0" methods="0" coveredmethods="0"/>
      </file>
    </package>
    <package name="src.components.ErrorMessage">
      <metrics statements="1" coveredstatements="1" conditionals="0" coveredconditionals="0" methods="1" coveredmethods="1"/>
      <file name="ErrorMessage.jsx" path="C:\Users\ludwi\Documents\Universitet\CICD-deployment\Enhetstester\strajk-bowling\src\components\ErrorMessage\ErrorMessage.jsx">
        <metrics statements="1" coveredstatements="1" conditionals="0" coveredconditionals="0" methods="1" coveredmethods="1"/>
        <line num="4" count="3" type="stmt"/>
      </file>
      <file name="ErrorMessage.scss" path="C:\Users\ludwi\Documents\Universitet\CICD-deployment\Enhetstester\strajk-bowling\src\components\ErrorMessage\ErrorMessage.scss">
        <metrics statements="0" coveredstatements="0" conditionals="0" coveredconditionals="0" methods="0" coveredmethods="0"/>
      </file>
    </package>
    <package name="src.components.Input">
      <metrics statements="1" coveredstatements="1" conditionals="4" coveredconditionals="4" methods="1" coveredmethods="1"/>
      <file name="Input.jsx" path="C:\Users\ludwi\Documents\Universitet\CICD-deployment\Enhetstester\strajk-bowling\src\components\Input\Input.jsx">
        <metrics statements="1" coveredstatements="1" conditionals="4" coveredconditionals="4" methods="1" coveredmethods="1"/>
        <line num="13" count="206" type="stmt"/>
      </file>
      <file name="Input.scss" path="C:\Users\ludwi\Documents\Universitet\CICD-deployment\Enhetstester\strajk-bowling\src\components\Input\Input.scss">
        <metrics statements="0" coveredstatements="0" conditionals="0" coveredconditionals="0" methods="0" coveredmethods="0"/>
      </file>
    </package>
    <package name="src.components.Navigation">
      <metrics statements="6" coveredstatements="6" conditionals="6" coveredconditionals="6" methods="4" coveredmethods="4"/>
      <file name="Navigation.jsx" path="C:\Users\ludwi\Documents\Universitet\CICD-deployment\Enhetstester\strajk-bowling\src\components\Navigation\Navigation.jsx">
        <metrics statements="6" coveredstatements="6" conditionals="6" coveredconditionals="6" methods="4" coveredmethods="4"/>
        <line num="7" count="45" type="stmt"/>
        <line num="8" count="45" type="stmt"/>
        <line num="10" count="45" type="stmt"/>
        <line num="13" count="2" type="stmt"/>
        <line num="15" count="1" type="stmt"/>
        <line num="17" count="2" type="stmt"/>
      </file>
      <file name="Navigation.scss" path="C:\Users\ludwi\Documents\Universitet\CICD-deployment\Enhetstester\strajk-bowling\src\components\Navigation\Navigation.scss">
        <metrics statements="0" coveredstatements="0" conditionals="0" coveredconditionals="0" methods="0" coveredmethods="0"/>
      </file>
    </package>
    <package name="src.components.Shoes">
      <metrics statements="7" coveredstatements="7" conditionals="0" coveredconditionals="0" methods="4" coveredmethods="4"/>
      <file name="Shoes.jsx" path="C:\Users\ludwi\Documents\Universitet\CICD-deployment\Enhetstester\strajk-bowling\src\components\Shoes\Shoes.jsx">
        <metrics statements="7" coveredstatements="7" conditionals="0" coveredconditionals="0" methods="4" coveredmethods="4"/>
        <line num="7" count="40" type="stmt"/>
        <line num="8" count="42" type="stmt"/>
        <line num="10" count="42" type="stmt"/>
        <line num="22" count="1" type="stmt"/>
        <line num="30" count="42" type="stmt"/>
        <line num="33" count="40" type="stmt"/>
        <line num="42" count="8" type="stmt"/>
      </file>
      <file name="Shoes.scss" path="C:\Users\ludwi\Documents\Universitet\CICD-deployment\Enhetstester\strajk-bowling\src\components\Shoes\Shoes.scss">
        <metrics statements="0" coveredstatements="0" conditionals="0" coveredconditionals="0" methods="0" coveredmethods="0"/>
      </file>
    </package>
    <package name="src.components.Top">
      <metrics statements="1" coveredstatements="1" conditionals="0" coveredconditionals="0" methods="1" coveredmethods="1"/>
      <file name="Top.jsx" path="C:\Users\ludwi\Documents\Universitet\CICD-deployment\Enhetstester\strajk-bowling\src\components\Top\Top.jsx">
        <metrics statements="1" coveredstatements="1" conditionals="0" coveredconditionals="0" methods="1" coveredmethods="1"/>
        <line num="5" count="43" type="stmt"/>
      </file>
      <file name="Top.scss" path="C:\Users\ludwi\Documents\Universitet\CICD-deployment\Enhetstester\strajk-bowling\src\components\Top\Top.scss">
        <metrics statements="0" coveredstatements="0" conditionals="0" coveredconditionals="0" methods="0" coveredmethods="0"/>
      </file>
    </package>
    <package name="src.mocks">
      <metrics statements="6" coveredstatements="6" conditionals="0" coveredconditionals="0" methods="1" coveredmethods="1"/>
      <file name="handlers.js" path="C:\Users\ludwi\Documents\Universitet\CICD-deployment\Enhetstester\strajk-bowling\src\mocks\handlers.js">
        <metrics statements="5" coveredstatements="5" conditionals="0" coveredconditionals="0" methods="1" coveredmethods="1"/>
        <line num="3" count="3" type="stmt"/>
        <line num="7" count="1" type="stmt"/>
        <line num="9" count="1" type="stmt"/>
        <line num="11" count="1" type="stmt"/>
        <line num="21" count="1" type="stmt"/>
      </file>
      <file name="server.js" path="C:\Users\ludwi\Documents\Universitet\CICD-deployment\Enhetstester\strajk-bowling\src\mocks\server.js">
        <metrics statements="1" coveredstatements="1" conditionals="0" coveredconditionals="0" methods="0" coveredmethods="0"/>
        <line num="4" count="3" type="stmt"/>
      </file>
    </package>
    <package name="src.views">
      <metrics statements="51" coveredstatements="50" conditionals="32" coveredconditionals="28" methods="19" coveredmethods="19"/>
      <file name="Booking.jsx" path="C:\Users\ludwi\Documents\Universitet\CICD-deployment\Enhetstester\strajk-bowling\src\views\Booking.jsx">
        <metrics statements="48" coveredstatements="47" conditionals="26" coveredconditionals="22" methods="18" coveredmethods="18"/>
        <line num="12" count="40" type="stmt"/>
        <line num="18" count="40" type="stmt"/>
        <line num="19" count="40" type="stmt"/>
        <line num="20" count="40" type="stmt"/>
        <line num="23" count="12" type="stmt"/>
        <line num="24" count="12" type="stmt"/>
        <line num="26" count="12" type="stmt"/>
        <line num="33" count="8" type="stmt"/>
        <line num="34" count="8" type="stmt"/>
        <line num="36" count="8" type="cond" truecount="2" falsecount="2"/>
        <line num="37" count="8" type="stmt"/>
        <line num="38" count="18" type="cond" truecount="2" falsecount="0"/>
        <line num="44" count="8" type="stmt"/>
        <line num="46" count="8" type="stmt"/>
        <line num="50" count="1" type="stmt"/>
        <line num="52" count="1" type="stmt"/>
        <line num="56" count="2" type="stmt"/>
        <line num="58" count="6" type="cond" truecount="1" falsecount="1"/>
        <line num="60" count="2" type="stmt"/>
        <line num="64" count="2" type="stmt"/>
        <line num="65" count="2" type="stmt"/>
        <line num="67" count="2" type="cond" truecount="2" falsecount="0"/>
        <line num="69" count="1" type="stmt"/>
        <line num="73" count="1" type="stmt"/>
        <line num="83" count="1" type="stmt"/>
        <line num="85" count="1" type="stmt"/>
        <line num="89" count="3" type="stmt"/>
        <line num="93" count="1" type="stmt"/>
        <line num="94" count="1" type="stmt"/>
        <line num="96" count="1" type="stmt"/>
        <line num="101" count="4" type="stmt"/>
        <line num="103" count="4" type="cond" truecount="6" falsecount="0"/>
        <line num="104" count="1" type="stmt"/>
        <line num="105" count="3" type="cond" truecount="2" falsecount="0"/>
        <line num="106" count="1" type="stmt"/>
        <line num="107" count="2" type="cond" truecount="1" falsecount="1"/>
        <line num="108" count="0" type="stmt"/>
        <line num="109" count="2" type="cond" truecount="2" falsecount="0"/>
        <line num="110" count="1" type="stmt"/>
        <line num="113" count="4" type="cond" truecount="2" falsecount="0"/>
        <line num="114" count="3" type="stmt"/>
        <line num="115" count="3" type="stmt"/>
        <line num="118" count="1" type="stmt"/>
        <line num="122" count="1" type="stmt"/>
        <line num="125" count="1" type="stmt"/>
        <line num="126" count="1" type="stmt"/>
        <line num="128" count="1" type="stmt"/>
        <line num="133" count="40" type="stmt"/>
      </file>
      <file name="Booking.scss" path="C:\Users\ludwi\Documents\Universitet\CICD-deployment\Enhetstester\strajk-bowling\src\views\Booking.scss">
        <metrics statements="0" coveredstatements="0" conditionals="0" coveredconditionals="0" methods="0" coveredmethods="0"/>
      </file>
      <file name="Confirmation.jsx" path="C:\Users\ludwi\Documents\Universitet\CICD-deployment\Enhetstester\strajk-bowling\src\views\Confirmation.jsx">
        <metrics statements="3" coveredstatements="3" conditionals="6" coveredconditionals="6" methods="1" coveredmethods="1"/>
        <line num="9" count="3" type="stmt"/>
        <line num="12" count="3" type="cond" truecount="2" falsecount="0"/>
        <line num="14" count="3" type="stmt"/>
      </file>
      <file name="Confirmation.scss" path="C:\Users\ludwi\Documents\Universitet\CICD-deployment\Enhetstester\strajk-bowling\src\views\Confirmation.scss">
        <metrics statements="0" coveredstatements="0" conditionals="0" coveredconditionals="0" methods="0" coveredmethods="0"/>
      </file>
    </package>
  </project>
</coverage>
